\BOOKMARK [0][-]{chapter.1}{1 مقدمه}{}% 1
\BOOKMARK [1][-]{section.1.1}{1-1 تعریف مساله}{chapter.1}% 2
\BOOKMARK [1][-]{section.1.2}{2-1 اهمیت و کاربرد}{chapter.1}% 3
\BOOKMARK [1][-]{section.1.3}{3-1 يادگیری مقابله‌ای}{chapter.1}% 4
\BOOKMARK [2][-]{subsection.1.3.1}{3-1.1 دلیل توجه به یادگیری مولدمقابله‌ای}{section.1.3}% 5
\BOOKMARK [1][-]{section.1.4}{4-1 چالش‌ها}{chapter.1}% 6
\BOOKMARK [2][-]{subsection.1.4.1}{4-1.1 مشخص نبودن معیار ارزیابی مناسب}{section.1.4}% 7
\BOOKMARK [2][-]{subsection.1.4.2}{4-1.2 مشخص نبودن تابع هزینه مناسب}{section.1.4}% 8
\BOOKMARK [2][-]{subsection.1.4.3}{4-1.3 ناهماهنگی آموزش و آزمون}{section.1.4}% 9
\BOOKMARK [2][-]{subsection.1.4.4}{4-1.4 مشکل انتقال گرادیان }{section.1.4}% 10
\BOOKMARK [2][-]{subsection.1.4.5}{4-1.5 ناپایداری آموزش مقابله‌ای}{section.1.4}% 11
\BOOKMARK [1][-]{section.1.5}{5-1 هدف پژوهش}{chapter.1}% 12
\BOOKMARK [1][-]{section.1.6}{6-1 ساختار پایان‌نامه}{chapter.1}% 13
\BOOKMARK [0][-]{chapter.2}{2 پژوهش‌های پیشین}{}% 14
\BOOKMARK [0][-]{chapter.3}{3 راهکار پیشنهادی}{}% 15
\BOOKMARK [0][-]{chapter.4}{4  معیارهای ارزیابی پیشین و پیشنهادی}{}% 16
\BOOKMARK [0][-]{chapter.5}{5 ارزیابی}{}% 17
\BOOKMARK [0][-]{chapter.6}{6 جمع‌بندی و کار‌های آتی}{}% 18
\BOOKMARK [0][-]{appendix.Alph1}{آ جزئیات بررسی نظری روش پیشنهادی}{}% 19
\BOOKMARK [0][-]{appendix.Alph2}{ب آزمایش‌های بیشتر}{}% 20
\BOOKMARK [0][-]{section*.11}{مراجع}{}% 21
\BOOKMARK [0][-]{section*.13}{واژه‌نامه فارسی به انگلیسی}{}% 22
\BOOKMARK [0][-]{section*.14}{واژه‌نامه انگلیسی به فارسی}{}% 23
